<?xml version="1.0" encoding="UTF-8"?>
<coverage generated="1726745043511" clover="3.2.0">
  <project timestamp="1726745043511" name="All files">
    <metrics statements="28" coveredstatements="22" conditionals="4" coveredconditionals="2" methods="14" coveredmethods="7" elements="46" coveredelements="31" complexity="0" loc="28" ncloc="28" packages="2" files="5" classes="5"/>
    <package name="Componenets">
      <metrics statements="9" coveredstatements="8" conditionals="4" coveredconditionals="2" methods="6" coveredmethods="4"/>
      <file name="Header.js" path="C:\Users\gobar\OneDrive\Desktop\Namste-react\src\Componenets\Header.js">
        <metrics statements="8" coveredstatements="7" conditionals="4" coveredconditionals="2" methods="5" coveredmethods="3"/>
        <line num="7" count="1" type="stmt"/>
        <line num="8" count="3" type="stmt"/>
        <line num="15" count="1" type="stmt"/>
        <line num="16" count="3" type="stmt"/>
        <line num="18" count="3" type="stmt"/>
        <line num="19" count="6" type="stmt"/>
        <line num="22" count="3" type="stmt"/>
        <line num="34" count="0" type="cond" truecount="1" falsecount="1"/>
      </file>
      <file name="Sum.js" path="C:\Users\gobar\OneDrive\Desktop\Namste-react\src\Componenets\Sum.js">
        <metrics statements="1" coveredstatements="1" conditionals="0" coveredconditionals="0" methods="1" coveredmethods="1"/>
        <line num="3" count="1" type="stmt"/>
      </file>
    </package>
    <package name="Componenets.utils">
      <metrics statements="19" coveredstatements="14" conditionals="0" coveredconditionals="0" methods="8" coveredmethods="3"/>
      <file name="cartSlice.js" path="C:\Users\gobar\OneDrive\Desktop\Namste-react\src\Componenets\utils\cartSlice.js">
        <metrics statements="5" coveredstatements="2" conditionals="0" coveredconditionals="0" methods="3" coveredmethods="0"/>
        <line num="3" count="1" type="stmt"/>
        <line num="10" count="0" type="stmt"/>
        <line num="13" count="0" type="stmt"/>
        <line num="16" count="0" type="stmt"/>
        <line num="21" count="1" type="stmt"/>
      </file>
      <file name="store.js" path="C:\Users\gobar\OneDrive\Desktop\Namste-react\src\Componenets\utils\store.js">
        <metrics statements="2" coveredstatements="2" conditionals="0" coveredconditionals="0" methods="0" coveredmethods="0"/>
        <line num="3" count="1" type="stmt"/>
        <line num="5" count="1" type="stmt"/>
      </file>
      <file name="useOnline.js" path="C:\Users\gobar\OneDrive\Desktop\Namste-react\src\Componenets\utils\useOnline.js">
        <metrics statements="12" coveredstatements="10" conditionals="0" coveredconditionals="0" methods="5" coveredmethods="3"/>
        <line num="4" count="3" type="stmt"/>
        <line num="6" count="3" type="stmt"/>
        <line num="7" count="3" type="stmt"/>
        <line num="8" count="0" type="stmt"/>
        <line num="10" count="3" type="stmt"/>
        <line num="11" count="0" type="stmt"/>
        <line num="14" count="3" type="stmt"/>
        <line num="15" count="3" type="stmt"/>
        <line num="17" count="3" type="stmt"/>
        <line num="18" count="3" type="stmt"/>
        <line num="19" count="3" type="stmt"/>
        <line num="23" count="3" type="stmt"/>
      </file>
    </package>
  </project>
</coverage>
