{"C:\\Users\\gobar\\OneDrive\\Desktop\\Namste-react\\src\\Componenets\\Body.js": {"path":"C:\\Users\\gobar\\OneDrive\\Desktop\\Namste-react\\src\\Componenets\\Body.js","statementMap":{"0":{"start":{"line":7,"column":13},"end":{"line":117,"column":1}},"1":{"start":{"line":8,"column":36},"end":{"line":8,"column":48}},"2":{"start":{"line":9,"column":56},"end":{"line":9,"column":68}},"3":{"start":{"line":10,"column":40},"end":{"line":10,"column":52}},"4":{"start":{"line":13,"column":21},"end":{"line":17,"column":3}},"5":{"start":{"line":14,"column":4},"end":{"line":16,"column":6}},"6":{"start":{"line":15,"column":6},"end":{"line":15,"column":75}},"7":{"start":{"line":20,"column":23},"end":{"line":22,"column":3}},"8":{"start":{"line":21,"column":4},"end":{"line":21,"column":63}},"9":{"start":{"line":25,"column":2},"end":{"line":27,"column":9}},"10":{"start":{"line":26,"column":4},"end":{"line":26,"column":21}},"11":{"start":{"line":30,"column":4},"end":{"line":46,"column":5}},"12":{"start":{"line":31,"column":23},"end":{"line":33,"column":7}},"13":{"start":{"line":34,"column":19},"end":{"line":34,"column":40}},"14":{"start":{"line":35,"column":9},"end":{"line":35,"column":26}},"15":{"start":{"line":38,"column":30},"end":{"line":40,"column":61}},"16":{"start":{"line":39,"column":18},"end":{"line":39,"column":76}},"17":{"start":{"line":42,"column":6},"end":{"line":42,"column":46}},"18":{"start":{"line":43,"column":6},"end":{"line":43,"column":38}},"19":{"start":{"line":45,"column":6},"end":{"line":45,"column":58}},"20":{"start":{"line":48,"column":19},"end":{"line":48,"column":42}},"21":{"start":{"line":50,"column":2},"end":{"line":116,"column":4}},"22":{"start":{"line":58,"column":27},"end":{"line":58,"column":55}},"23":{"start":{"line":65,"column":12},"end":{"line":109,"column":19}}},"fnMap":{"0":{"name":"(anonymous_0)","decl":{"start":{"line":7,"column":13},"end":{"line":7,"column":14}},"loc":{"start":{"line":7,"column":19},"end":{"line":117,"column":1}},"line":7},"1":{"name":"(anonymous_1)","decl":{"start":{"line":13,"column":21},"end":{"line":13,"column":22}},"loc":{"start":{"line":13,"column":53},"end":{"line":17,"column":3}},"line":13},"2":{"name":"(anonymous_2)","decl":{"start":{"line":14,"column":33},"end":{"line":14,"column":34}},"loc":{"start":{"line":15,"column":6},"end":{"line":15,"column":75}},"line":15},"3":{"name":"(anonymous_3)","decl":{"start":{"line":20,"column":23},"end":{"line":20,"column":24}},"loc":{"start":{"line":20,"column":29},"end":{"line":22,"column":3}},"line":20},"4":{"name":"(anonymous_4)","decl":{"start":{"line":25,"column":12},"end":{"line":25,"column":13}},"loc":{"start":{"line":25,"column":18},"end":{"line":27,"column":3}},"line":25},"5":{"name":"getRestaurants","decl":{"start":{"line":29,"column":17},"end":{"line":29,"column":31}},"loc":{"start":{"line":29,"column":34},"end":{"line":47,"column":3}},"line":29},"6":{"name":"(anonymous_6)","decl":{"start":{"line":39,"column":8},"end":{"line":39,"column":9}},"loc":{"start":{"line":39,"column":18},"end":{"line":39,"column":76}},"line":39},"7":{"name":"(anonymous_7)","decl":{"start":{"line":58,"column":20},"end":{"line":58,"column":21}},"loc":{"start":{"line":58,"column":27},"end":{"line":58,"column":55}},"line":58},"8":{"name":"(anonymous_8)","decl":{"start":{"line":64,"column":34},"end":{"line":64,"column":35}},"loc":{"start":{"line":65,"column":12},"end":{"line":109,"column":19}},"line":65}},"branchMap":{"0":{"loc":{"start":{"line":63,"column":9},"end":{"line":113,"column":9}},"type":"cond-expr","locations":[{"start":{"line":64,"column":10},"end":{"line":110,"column":12}},{"start":{"line":112,"column":10},"end":{"line":112,"column":21}}],"line":63},"1":{"loc":{"start":{"line":68,"column":17},"end":{"line":80,"column":17}},"type":"cond-expr","locations":[{"start":{"line":69,"column":18},"end":{"line":77,"column":20}},{"start":{"line":79,"column":18},"end":{"line":79,"column":43}}],"line":68},"2":{"loc":{"start":{"line":81,"column":21},"end":{"line":81,"column":59}},"type":"binary-expr","locations":[{"start":{"line":81,"column":21},"end":{"line":81,"column":35}},{"start":{"line":81,"column":39},"end":{"line":81,"column":59}}],"line":81},"3":{"loc":{"start":{"line":83,"column":27},"end":{"line":83,"column":77}},"type":"binary-expr","locations":[{"start":{"line":83,"column":27},"end":{"line":83,"column":52}},{"start":{"line":83,"column":56},"end":{"line":83,"column":77}}],"line":83},"4":{"loc":{"start":{"line":87,"column":19},"end":{"line":89,"column":45}},"type":"cond-expr","locations":[{"start":{"line":88,"column":22},"end":{"line":88,"column":51}},{"start":{"line":89,"column":22},"end":{"line":89,"column":45}}],"line":87},"5":{"loc":{"start":{"line":93,"column":19},"end":{"line":93,"column":74}},"type":"binary-expr","locations":[{"start":{"line":93,"column":19},"end":{"line":93,"column":39}},{"start":{"line":93,"column":43},"end":{"line":93,"column":74}}],"line":93},"6":{"loc":{"start":{"line":97,"column":19},"end":{"line":98,"column":43}},"type":"binary-expr","locations":[{"start":{"line":97,"column":19},"end":{"line":97,"column":61}},{"start":{"line":98,"column":20},"end":{"line":98,"column":43}}],"line":97}},"s":{"0":1,"1":8,"2":7,"3":7,"4":7,"5":1,"6":20,"7":7,"8":1,"9":7,"10":3,"11":3,"12":3,"13":3,"14":3,"15":3,"16":6,"17":3,"18":3,"19":0,"20":7,"21":7,"22":1,"23":60},"f":{"0":8,"1":1,"2":20,"3":1,"4":3,"5":3,"6":6,"7":1,"8":60},"b":{"0":[3,4],"1":[60,0],"2":[60,0],"3":[60,0],"4":[60,0],"5":[60,0],"6":[60,0]},"_coverageSchema":"1a1c01bbd47fc00a2c39e90264f33305004495a9","hash":"48979912e9f9e132f74d97b61d52f613cb456d99"}
,"C:\\Users\\gobar\\OneDrive\\Desktop\\Namste-react\\src\\Componenets\\Header.js": {"path":"C:\\Users\\gobar\\OneDrive\\Desktop\\Namste-react\\src\\Componenets\\Header.js","statementMap":{"0":{"start":{"line":7,"column":21},"end":{"line":13,"column":3}},"1":{"start":{"line":8,"column":4},"end":{"line":12,"column":11}},"2":{"start":{"line":15,"column":17},"end":{"line":39,"column":3}},"3":{"start":{"line":16,"column":29},"end":{"line":16,"column":43}},"4":{"start":{"line":18,"column":22},"end":{"line":18,"column":33}},"5":{"start":{"line":19,"column":22},"end":{"line":19,"column":60}},"6":{"start":{"line":19,"column":43},"end":{"line":19,"column":59}},"7":{"start":{"line":22,"column":4},"end":{"line":38,"column":6}},"8":{"start":{"line":34,"column":39},"end":{"line":34,"column":54}},"9":{"start":{"line":34,"column":95},"end":{"line":34,"column":109}}},"fnMap":{"0":{"name":"(anonymous_0)","decl":{"start":{"line":7,"column":21},"end":{"line":7,"column":22}},"loc":{"start":{"line":7,"column":27},"end":{"line":13,"column":3}},"line":7},"1":{"name":"(anonymous_1)","decl":{"start":{"line":15,"column":17},"end":{"line":15,"column":18}},"loc":{"start":{"line":15,"column":23},"end":{"line":39,"column":3}},"line":15},"2":{"name":"(anonymous_2)","decl":{"start":{"line":19,"column":34},"end":{"line":19,"column":35}},"loc":{"start":{"line":19,"column":43},"end":{"line":19,"column":59}},"line":19},"3":{"name":"(anonymous_3)","decl":{"start":{"line":34,"column":35},"end":{"line":34,"column":36}},"loc":{"start":{"line":34,"column":39},"end":{"line":34,"column":54}},"line":34},"4":{"name":"(anonymous_4)","decl":{"start":{"line":34,"column":90},"end":{"line":34,"column":91}},"loc":{"start":{"line":34,"column":95},"end":{"line":34,"column":109}},"line":34}},"branchMap":{"0":{"loc":{"start":{"line":32,"column":38},"end":{"line":32,"column":58}},"type":"cond-expr","locations":[{"start":{"line":32,"column":49},"end":{"line":32,"column":52}},{"start":{"line":32,"column":55},"end":{"line":32,"column":58}}],"line":32},"1":{"loc":{"start":{"line":34,"column":9},"end":{"line":34,"column":126}},"type":"cond-expr","locations":[{"start":{"line":34,"column":17},"end":{"line":34,"column":70}},{"start":{"line":34,"column":73},"end":{"line":34,"column":126}}],"line":34}},"s":{"0":2,"1":5,"2":2,"3":5,"4":5,"5":5,"6":10,"7":5,"8":0,"9":0},"f":{"0":5,"1":5,"2":10,"3":0,"4":0},"b":{"0":[5,0],"1":[5,0]},"_coverageSchema":"1a1c01bbd47fc00a2c39e90264f33305004495a9","hash":"20cdfe3197493dbe214bdb5c547c6fd31c9cec2a"}
,"C:\\Users\\gobar\\OneDrive\\Desktop\\Namste-react\\src\\Componenets\\RestaurantMenu.js": {"path":"C:\\Users\\gobar\\OneDrive\\Desktop\\Namste-react\\src\\Componenets\\RestaurantMenu.js","statementMap":{"0":{"start":{"line":8,"column":23},"end":{"line":31,"column":1}},"1":{"start":{"line":10,"column":16},"end":{"line":10,"column":27}},"2":{"start":{"line":11,"column":17},"end":{"line":11,"column":22}},"3":{"start":{"line":14,"column":19},"end":{"line":14,"column":32}},"4":{"start":{"line":16,"column":24},"end":{"line":18,"column":3}},"5":{"start":{"line":17,"column":4},"end":{"line":17,"column":25}},"6":{"start":{"line":19,"column":27},"end":{"line":21,"column":3}},"7":{"start":{"line":20,"column":4},"end":{"line":20,"column":26}},"8":{"start":{"line":23,"column":2},"end":{"line":30,"column":4}},"9":{"start":{"line":27,"column":50},"end":{"line":27,"column":65}},"10":{"start":{"line":28,"column":28},"end":{"line":28,"column":46}}},"fnMap":{"0":{"name":"(anonymous_0)","decl":{"start":{"line":8,"column":23},"end":{"line":8,"column":24}},"loc":{"start":{"line":8,"column":29},"end":{"line":31,"column":1}},"line":8},"1":{"name":"(anonymous_1)","decl":{"start":{"line":16,"column":24},"end":{"line":16,"column":25}},"loc":{"start":{"line":16,"column":28},"end":{"line":18,"column":3}},"line":16},"2":{"name":"(anonymous_2)","decl":{"start":{"line":19,"column":27},"end":{"line":19,"column":28}},"loc":{"start":{"line":19,"column":32},"end":{"line":21,"column":3}},"line":19},"3":{"name":"(anonymous_3)","decl":{"start":{"line":27,"column":45},"end":{"line":27,"column":46}},"loc":{"start":{"line":27,"column":50},"end":{"line":27,"column":65}},"line":27},"4":{"name":"(anonymous_4)","decl":{"start":{"line":28,"column":23},"end":{"line":28,"column":24}},"loc":{"start":{"line":28,"column":28},"end":{"line":28,"column":46}},"line":28}},"branchMap":{},"s":{"0":1,"1":1,"2":1,"3":1,"4":1,"5":1,"6":1,"7":0,"8":1,"9":1,"10":0},"f":{"0":1,"1":1,"2":0,"3":1,"4":0},"b":{},"_coverageSchema":"1a1c01bbd47fc00a2c39e90264f33305004495a9","hash":"58696d450aebed6218b1dda7c2d83e00c8853aa2"}
,"C:\\Users\\gobar\\OneDrive\\Desktop\\Namste-react\\src\\Componenets\\Shimmer.js": {"path":"C:\\Users\\gobar\\OneDrive\\Desktop\\Namste-react\\src\\Componenets\\Shimmer.js","statementMap":{"0":{"start":{"line":4,"column":2},"end":{"line":26,"column":4}},"1":{"start":{"line":7,"column":8},"end":{"line":23,"column":10}}},"fnMap":{"0":{"name":"Shimmer","decl":{"start":{"line":3,"column":9},"end":{"line":3,"column":16}},"loc":{"start":{"line":3,"column":19},"end":{"line":27,"column":1}},"line":3},"1":{"name":"(anonymous_1)","decl":{"start":{"line":6,"column":30},"end":{"line":6,"column":31}},"loc":{"start":{"line":6,"column":44},"end":{"line":24,"column":7}},"line":6}},"branchMap":{},"s":{"0":4,"1":40},"f":{"0":4,"1":40},"b":{},"_coverageSchema":"1a1c01bbd47fc00a2c39e90264f33305004495a9","hash":"d575e87e913d1230b544079f2dd0da446069a747"}
,"C:\\Users\\gobar\\OneDrive\\Desktop\\Namste-react\\src\\Componenets\\Sum.js": {"path":"C:\\Users\\gobar\\OneDrive\\Desktop\\Namste-react\\src\\Componenets\\Sum.js","statementMap":{"0":{"start":{"line":3,"column":12},"end":{"line":3,"column":39}},"1":{"start":{"line":3,"column":28},"end":{"line":3,"column":39}}},"fnMap":{"0":{"name":"(anonymous_0)","decl":{"start":{"line":3,"column":12},"end":{"line":3,"column":13}},"loc":{"start":{"line":3,"column":28},"end":{"line":3,"column":39}},"line":3}},"branchMap":{},"s":{"0":1,"1":1},"f":{"0":1},"b":{},"_coverageSchema":"1a1c01bbd47fc00a2c39e90264f33305004495a9","hash":"13026137cfc35e894f974a9a79d7e08302e1be11"}
,"C:\\Users\\gobar\\OneDrive\\Desktop\\Namste-react\\src\\Componenets\\mocks\\data.js": {"path":"C:\\Users\\gobar\\OneDrive\\Desktop\\Namste-react\\src\\Componenets\\mocks\\data.js","statementMap":{"0":{"start":{"line":1,"column":32},"end":{"line":6944,"column":1}}},"fnMap":{},"branchMap":{},"s":{"0":1},"f":{},"b":{},"_coverageSchema":"1a1c01bbd47fc00a2c39e90264f33305004495a9","hash":"601d3c2cc4cc59e4a8de92b51f2285ad09ccb5a8"}
,"C:\\Users\\gobar\\OneDrive\\Desktop\\Namste-react\\src\\Componenets\\utils\\cartSlice.js": {"path":"C:\\Users\\gobar\\OneDrive\\Desktop\\Namste-react\\src\\Componenets\\utils\\cartSlice.js","statementMap":{"0":{"start":{"line":3,"column":18},"end":{"line":19,"column":2}},"1":{"start":{"line":10,"column":6},"end":{"line":10,"column":39}},"2":{"start":{"line":13,"column":6},"end":{"line":13,"column":24}},"3":{"start":{"line":16,"column":6},"end":{"line":16,"column":23}},"4":{"start":{"line":21,"column":50},"end":{"line":21,"column":67}}},"fnMap":{"0":{"name":"(anonymous_0)","decl":{"start":{"line":9,"column":13},"end":{"line":9,"column":14}},"loc":{"start":{"line":9,"column":32},"end":{"line":11,"column":5}},"line":9},"1":{"name":"(anonymous_1)","decl":{"start":{"line":12,"column":16},"end":{"line":12,"column":17}},"loc":{"start":{"line":12,"column":35},"end":{"line":14,"column":5}},"line":12},"2":{"name":"(anonymous_2)","decl":{"start":{"line":15,"column":15},"end":{"line":15,"column":16}},"loc":{"start":{"line":15,"column":26},"end":{"line":17,"column":5}},"line":15}},"branchMap":{},"s":{"0":3,"1":1,"2":0,"3":0,"4":3},"f":{"0":1,"1":0,"2":0},"b":{},"_coverageSchema":"1a1c01bbd47fc00a2c39e90264f33305004495a9","hash":"9c5a850a9a2bdc932b6fb5e9dfc5d33ac76975c5"}
,"C:\\Users\\gobar\\OneDrive\\Desktop\\Namste-react\\src\\Componenets\\utils\\store.js": {"path":"C:\\Users\\gobar\\OneDrive\\Desktop\\Namste-react\\src\\Componenets\\utils\\store.js","statementMap":{"0":{"start":{"line":3,"column":27},"end":{"line":3,"column":54}},"1":{"start":{"line":5,"column":14},"end":{"line":9,"column":2}}},"fnMap":{},"branchMap":{},"s":{"0":3,"1":3},"f":{},"b":{},"_coverageSchema":"1a1c01bbd47fc00a2c39e90264f33305004495a9","hash":"8f5abcd8cb57b4d4e89d701f4e45adb6c3f3a9b4"}
,"C:\\Users\\gobar\\OneDrive\\Desktop\\Namste-react\\src\\Componenets\\utils\\useOnline.js": {"path":"C:\\Users\\gobar\\OneDrive\\Desktop\\Namste-react\\src\\Componenets\\utils\\useOnline.js","statementMap":{"0":{"start":{"line":4,"column":33},"end":{"line":4,"column":47}},"1":{"start":{"line":6,"column":1},"end":{"line":21,"column":7}},"2":{"start":{"line":7,"column":28},"end":{"line":9,"column":6}},"3":{"start":{"line":8,"column":8},"end":{"line":8,"column":25}},"4":{"start":{"line":10,"column":28},"end":{"line":12,"column":6}},"5":{"start":{"line":11,"column":8},"end":{"line":11,"column":26}},"6":{"start":{"line":14,"column":5},"end":{"line":14,"column":54}},"7":{"start":{"line":15,"column":5},"end":{"line":15,"column":55}},"8":{"start":{"line":17,"column":5},"end":{"line":20,"column":6}},"9":{"start":{"line":18,"column":8},"end":{"line":18,"column":60}},"10":{"start":{"line":19,"column":8},"end":{"line":19,"column":61}},"11":{"start":{"line":23,"column":1},"end":{"line":23,"column":16}}},"fnMap":{"0":{"name":"useOnline","decl":{"start":{"line":3,"column":9},"end":{"line":3,"column":18}},"loc":{"start":{"line":3,"column":21},"end":{"line":24,"column":1}},"line":3},"1":{"name":"(anonymous_1)","decl":{"start":{"line":6,"column":11},"end":{"line":6,"column":12}},"loc":{"start":{"line":6,"column":15},"end":{"line":21,"column":2}},"line":6},"2":{"name":"(anonymous_2)","decl":{"start":{"line":7,"column":28},"end":{"line":7,"column":29}},"loc":{"start":{"line":7,"column":32},"end":{"line":9,"column":6}},"line":7},"3":{"name":"(anonymous_3)","decl":{"start":{"line":10,"column":28},"end":{"line":10,"column":29}},"loc":{"start":{"line":10,"column":33},"end":{"line":12,"column":6}},"line":10},"4":{"name":"(anonymous_4)","decl":{"start":{"line":17,"column":12},"end":{"line":17,"column":13}},"loc":{"start":{"line":17,"column":16},"end":{"line":20,"column":6}},"line":17}},"branchMap":{},"s":{"0":5,"1":5,"2":4,"3":0,"4":4,"5":0,"6":4,"7":4,"8":4,"9":4,"10":4,"11":5},"f":{"0":5,"1":4,"2":0,"3":0,"4":4},"b":{},"_coverageSchema":"1a1c01bbd47fc00a2c39e90264f33305004495a9","hash":"3ec65ee590c6cef41fd95e310f2233f7b706a80e"}
,"C:\\Users\\gobar\\OneDrive\\Desktop\\Namste-react\\src\\Componenets\\utils\\useRestaurant.js": {"path":"C:\\Users\\gobar\\OneDrive\\Desktop\\Namste-react\\src\\Componenets\\utils\\useRestaurant.js","statementMap":{"0":{"start":{"line":3,"column":22},"end":{"line":24,"column":1}},"1":{"start":{"line":4,"column":38},"end":{"line":4,"column":52}},"2":{"start":{"line":6,"column":2},"end":{"line":8,"column":9}},"3":{"start":{"line":7,"column":4},"end":{"line":7,"column":23}},"4":{"start":{"line":11,"column":4},"end":{"line":20,"column":5}},"5":{"start":{"line":12,"column":19},"end":{"line":14,"column":7}},"6":{"start":{"line":15,"column":19},"end":{"line":15,"column":36}},"7":{"start":{"line":16,"column":6},"end":{"line":16,"column":32}},"8":{"start":{"line":17,"column":6},"end":{"line":17,"column":31}},"9":{"start":{"line":19,"column":6},"end":{"line":19,"column":25}},"10":{"start":{"line":23,"column":2},"end":{"line":23,"column":20}}},"fnMap":{"0":{"name":"(anonymous_0)","decl":{"start":{"line":3,"column":22},"end":{"line":3,"column":23}},"loc":{"start":{"line":3,"column":30},"end":{"line":24,"column":1}},"line":3},"1":{"name":"(anonymous_1)","decl":{"start":{"line":6,"column":12},"end":{"line":6,"column":13}},"loc":{"start":{"line":6,"column":18},"end":{"line":8,"column":3}},"line":6},"2":{"name":"getAllRestuarant","decl":{"start":{"line":10,"column":17},"end":{"line":10,"column":33}},"loc":{"start":{"line":10,"column":36},"end":{"line":21,"column":3}},"line":10}},"branchMap":{},"s":{"0":1,"1":0,"2":0,"3":0,"4":0,"5":0,"6":0,"7":0,"8":0,"9":0,"10":0},"f":{"0":0,"1":0,"2":0},"b":{},"_coverageSchema":"1a1c01bbd47fc00a2c39e90264f33305004495a9","hash":"e7804cd6612abffb0e43ac48dae991bce0213146"}
,"C:\\Users\\gobar\\OneDrive\\Desktop\\Namste-react\\src\\Componenets\\utils\\userContext.js": {"path":"C:\\Users\\gobar\\OneDrive\\Desktop\\Namste-react\\src\\Componenets\\utils\\userContext.js","statementMap":{"0":{"start":{"line":3,"column":20},"end":{"line":8,"column":2}},"1":{"start":{"line":10,"column":0},"end":{"line":10,"column":39}}},"fnMap":{},"branchMap":{},"s":{"0":1,"1":1},"f":{},"b":{},"_coverageSchema":"1a1c01bbd47fc00a2c39e90264f33305004495a9","hash":"2b5d6a8e5900c15782a990cf36f8f760d8828c76"}
}
