{"C:\\Users\\gobar\\OneDrive\\Desktop\\Namste-react\\src\\Componenets\\Header.js": {"path":"C:\\Users\\gobar\\OneDrive\\Desktop\\Namste-react\\src\\Componenets\\Header.js","statementMap":{"0":{"start":{"line":7,"column":21},"end":{"line":13,"column":3}},"1":{"start":{"line":8,"column":4},"end":{"line":12,"column":11}},"2":{"start":{"line":15,"column":17},"end":{"line":39,"column":3}},"3":{"start":{"line":16,"column":29},"end":{"line":16,"column":43}},"4":{"start":{"line":18,"column":22},"end":{"line":18,"column":33}},"5":{"start":{"line":19,"column":22},"end":{"line":19,"column":60}},"6":{"start":{"line":19,"column":43},"end":{"line":19,"column":59}},"7":{"start":{"line":22,"column":4},"end":{"line":38,"column":6}},"8":{"start":{"line":34,"column":39},"end":{"line":34,"column":54}},"9":{"start":{"line":34,"column":95},"end":{"line":34,"column":109}}},"fnMap":{"0":{"name":"(anonymous_0)","decl":{"start":{"line":7,"column":21},"end":{"line":7,"column":22}},"loc":{"start":{"line":7,"column":27},"end":{"line":13,"column":3}},"line":7},"1":{"name":"(anonymous_1)","decl":{"start":{"line":15,"column":17},"end":{"line":15,"column":18}},"loc":{"start":{"line":15,"column":23},"end":{"line":39,"column":3}},"line":15},"2":{"name":"(anonymous_2)","decl":{"start":{"line":19,"column":34},"end":{"line":19,"column":35}},"loc":{"start":{"line":19,"column":43},"end":{"line":19,"column":59}},"line":19},"3":{"name":"(anonymous_3)","decl":{"start":{"line":34,"column":35},"end":{"line":34,"column":36}},"loc":{"start":{"line":34,"column":39},"end":{"line":34,"column":54}},"line":34},"4":{"name":"(anonymous_4)","decl":{"start":{"line":34,"column":90},"end":{"line":34,"column":91}},"loc":{"start":{"line":34,"column":95},"end":{"line":34,"column":109}},"line":34}},"branchMap":{"0":{"loc":{"start":{"line":32,"column":38},"end":{"line":32,"column":58}},"type":"cond-expr","locations":[{"start":{"line":32,"column":49},"end":{"line":32,"column":52}},{"start":{"line":32,"column":55},"end":{"line":32,"column":58}}],"line":32},"1":{"loc":{"start":{"line":34,"column":9},"end":{"line":34,"column":126}},"type":"cond-expr","locations":[{"start":{"line":34,"column":17},"end":{"line":34,"column":70}},{"start":{"line":34,"column":73},"end":{"line":34,"column":126}}],"line":34}},"s":{"0":1,"1":3,"2":1,"3":3,"4":3,"5":3,"6":6,"7":3,"8":0,"9":0},"f":{"0":3,"1":3,"2":6,"3":0,"4":0},"b":{"0":[3,0],"1":[3,0]},"_coverageSchema":"1a1c01bbd47fc00a2c39e90264f33305004495a9","hash":"20cdfe3197493dbe214bdb5c547c6fd31c9cec2a"}
,"C:\\Users\\gobar\\OneDrive\\Desktop\\Namste-react\\src\\Componenets\\Sum.js": {"path":"C:\\Users\\gobar\\OneDrive\\Desktop\\Namste-react\\src\\Componenets\\Sum.js","statementMap":{"0":{"start":{"line":3,"column":12},"end":{"line":3,"column":39}},"1":{"start":{"line":3,"column":28},"end":{"line":3,"column":39}}},"fnMap":{"0":{"name":"(anonymous_0)","decl":{"start":{"line":3,"column":12},"end":{"line":3,"column":13}},"loc":{"start":{"line":3,"column":28},"end":{"line":3,"column":39}},"line":3}},"branchMap":{},"s":{"0":1,"1":1},"f":{"0":1},"b":{},"_coverageSchema":"1a1c01bbd47fc00a2c39e90264f33305004495a9","hash":"13026137cfc35e894f974a9a79d7e08302e1be11"}
,"C:\\Users\\gobar\\OneDrive\\Desktop\\Namste-react\\src\\Componenets\\utils\\cartSlice.js": {"path":"C:\\Users\\gobar\\OneDrive\\Desktop\\Namste-react\\src\\Componenets\\utils\\cartSlice.js","statementMap":{"0":{"start":{"line":3,"column":18},"end":{"line":19,"column":2}},"1":{"start":{"line":10,"column":6},"end":{"line":10,"column":39}},"2":{"start":{"line":13,"column":6},"end":{"line":13,"column":24}},"3":{"start":{"line":16,"column":6},"end":{"line":16,"column":23}},"4":{"start":{"line":21,"column":50},"end":{"line":21,"column":67}}},"fnMap":{"0":{"name":"(anonymous_0)","decl":{"start":{"line":9,"column":13},"end":{"line":9,"column":14}},"loc":{"start":{"line":9,"column":32},"end":{"line":11,"column":5}},"line":9},"1":{"name":"(anonymous_1)","decl":{"start":{"line":12,"column":16},"end":{"line":12,"column":17}},"loc":{"start":{"line":12,"column":35},"end":{"line":14,"column":5}},"line":12},"2":{"name":"(anonymous_2)","decl":{"start":{"line":15,"column":15},"end":{"line":15,"column":16}},"loc":{"start":{"line":15,"column":26},"end":{"line":17,"column":5}},"line":15}},"branchMap":{},"s":{"0":1,"1":0,"2":0,"3":0,"4":1},"f":{"0":0,"1":0,"2":0},"b":{},"_coverageSchema":"1a1c01bbd47fc00a2c39e90264f33305004495a9","hash":"9c5a850a9a2bdc932b6fb5e9dfc5d33ac76975c5"}
,"C:\\Users\\gobar\\OneDrive\\Desktop\\Namste-react\\src\\Componenets\\utils\\store.js": {"path":"C:\\Users\\gobar\\OneDrive\\Desktop\\Namste-react\\src\\Componenets\\utils\\store.js","statementMap":{"0":{"start":{"line":3,"column":27},"end":{"line":3,"column":54}},"1":{"start":{"line":5,"column":14},"end":{"line":9,"column":2}}},"fnMap":{},"branchMap":{},"s":{"0":1,"1":1},"f":{},"b":{},"_coverageSchema":"1a1c01bbd47fc00a2c39e90264f33305004495a9","hash":"8f5abcd8cb57b4d4e89d701f4e45adb6c3f3a9b4"}
,"C:\\Users\\gobar\\OneDrive\\Desktop\\Namste-react\\src\\Componenets\\utils\\useOnline.js": {"path":"C:\\Users\\gobar\\OneDrive\\Desktop\\Namste-react\\src\\Componenets\\utils\\useOnline.js","statementMap":{"0":{"start":{"line":4,"column":33},"end":{"line":4,"column":47}},"1":{"start":{"line":6,"column":1},"end":{"line":21,"column":7}},"2":{"start":{"line":7,"column":28},"end":{"line":9,"column":6}},"3":{"start":{"line":8,"column":8},"end":{"line":8,"column":25}},"4":{"start":{"line":10,"column":28},"end":{"line":12,"column":6}},"5":{"start":{"line":11,"column":8},"end":{"line":11,"column":26}},"6":{"start":{"line":14,"column":5},"end":{"line":14,"column":54}},"7":{"start":{"line":15,"column":5},"end":{"line":15,"column":55}},"8":{"start":{"line":17,"column":5},"end":{"line":20,"column":6}},"9":{"start":{"line":18,"column":8},"end":{"line":18,"column":60}},"10":{"start":{"line":19,"column":8},"end":{"line":19,"column":61}},"11":{"start":{"line":23,"column":1},"end":{"line":23,"column":16}}},"fnMap":{"0":{"name":"useOnline","decl":{"start":{"line":3,"column":9},"end":{"line":3,"column":18}},"loc":{"start":{"line":3,"column":21},"end":{"line":24,"column":1}},"line":3},"1":{"name":"(anonymous_1)","decl":{"start":{"line":6,"column":11},"end":{"line":6,"column":12}},"loc":{"start":{"line":6,"column":15},"end":{"line":21,"column":2}},"line":6},"2":{"name":"(anonymous_2)","decl":{"start":{"line":7,"column":28},"end":{"line":7,"column":29}},"loc":{"start":{"line":7,"column":32},"end":{"line":9,"column":6}},"line":7},"3":{"name":"(anonymous_3)","decl":{"start":{"line":10,"column":28},"end":{"line":10,"column":29}},"loc":{"start":{"line":10,"column":33},"end":{"line":12,"column":6}},"line":10},"4":{"name":"(anonymous_4)","decl":{"start":{"line":17,"column":12},"end":{"line":17,"column":13}},"loc":{"start":{"line":17,"column":16},"end":{"line":20,"column":6}},"line":17}},"branchMap":{},"s":{"0":3,"1":3,"2":3,"3":0,"4":3,"5":0,"6":3,"7":3,"8":3,"9":3,"10":3,"11":3},"f":{"0":3,"1":3,"2":0,"3":0,"4":3},"b":{},"_coverageSchema":"1a1c01bbd47fc00a2c39e90264f33305004495a9","hash":"3ec65ee590c6cef41fd95e310f2233f7b706a80e"}
}
