TN:
SF:src\Componenets\Body.js
FN:7,(anonymous_0)
FN:13,(anonymous_1)
FN:14,(anonymous_2)
FN:20,(anonymous_3)
FN:25,(anonymous_4)
FN:29,getRestaurants
FN:39,(anonymous_6)
FN:58,(anonymous_7)
FN:64,(anonymous_8)
FNF:9
FNH:9
FNDA:8,(anonymous_0)
FNDA:1,(anonymous_1)
FNDA:20,(anonymous_2)
FNDA:1,(anonymous_3)
FNDA:3,(anonymous_4)
FNDA:3,getRestaurants
FNDA:6,(anonymous_6)
FNDA:1,(anonymous_7)
FNDA:60,(anonymous_8)
DA:7,1
DA:8,8
DA:9,7
DA:10,7
DA:13,7
DA:14,1
DA:15,20
DA:20,7
DA:21,1
DA:25,7
DA:26,3
DA:30,3
DA:31,3
DA:34,3
DA:35,3
DA:38,3
DA:39,6
DA:42,3
DA:43,3
DA:45,0
DA:48,7
DA:50,7
DA:58,1
DA:65,60
LF:24
LH:23
BRDA:63,0,0,3
BRDA:63,0,1,4
BRDA:68,1,0,60
BRDA:68,1,1,0
BRDA:81,2,0,60
BRDA:81,2,1,0
BRDA:83,3,0,60
BRDA:83,3,1,0
BRDA:87,4,0,60
BRDA:87,4,1,0
BRDA:93,5,0,60
BRDA:93,5,1,0
BRDA:97,6,0,60
BRDA:97,6,1,0
BRF:14
BRH:8
end_of_record
TN:
SF:src\Componenets\Header.js
FN:7,(anonymous_0)
FN:15,(anonymous_1)
FN:19,(anonymous_2)
FN:34,(anonymous_3)
FN:34,(anonymous_4)
FNF:5
FNH:3
FNDA:5,(anonymous_0)
FNDA:5,(anonymous_1)
FNDA:10,(anonymous_2)
FNDA:0,(anonymous_3)
FNDA:0,(anonymous_4)
DA:7,2
DA:8,5
DA:15,2
DA:16,5
DA:18,5
DA:19,10
DA:22,5
DA:34,0
LF:8
LH:7
BRDA:32,0,0,5
BRDA:32,0,1,0
BRDA:34,1,0,5
BRDA:34,1,1,0
BRF:4
BRH:2
end_of_record
TN:
SF:src\Componenets\RestaurantMenu.js
FN:8,(anonymous_0)
FN:16,(anonymous_1)
FN:19,(anonymous_2)
FN:27,(anonymous_3)
FN:28,(anonymous_4)
FNF:5
FNH:3
FNDA:1,(anonymous_0)
FNDA:1,(anonymous_1)
FNDA:0,(anonymous_2)
FNDA:1,(anonymous_3)
FNDA:0,(anonymous_4)
DA:8,1
DA:10,1
DA:11,1
DA:14,1
DA:16,1
DA:17,1
DA:19,1
DA:20,0
DA:23,1
DA:27,1
DA:28,0
LF:11
LH:9
BRF:0
BRH:0
end_of_record
TN:
SF:src\Componenets\Shimmer.js
FN:3,Shimmer
FN:6,(anonymous_1)
FNF:2
FNH:2
FNDA:4,Shimmer
FNDA:40,(anonymous_1)
DA:4,4
DA:7,40
LF:2
LH:2
BRF:0
BRH:0
end_of_record
TN:
SF:src\Componenets\Sum.js
FN:3,(anonymous_0)
FNF:1
FNH:1
FNDA:1,(anonymous_0)
DA:3,1
LF:1
LH:1
BRF:0
BRH:0
end_of_record
TN:
SF:src\Componenets\mocks\data.js
FNF:0
FNH:0
DA:1,1
LF:1
LH:1
BRF:0
BRH:0
end_of_record
TN:
SF:src\Componenets\utils\cartSlice.js
FN:9,(anonymous_0)
FN:12,(anonymous_1)
FN:15,(anonymous_2)
FNF:3
FNH:1
FNDA:1,(anonymous_0)
FNDA:0,(anonymous_1)
FNDA:0,(anonymous_2)
DA:3,3
DA:10,1
DA:13,0
DA:16,0
DA:21,3
LF:5
LH:3
BRF:0
BRH:0
end_of_record
TN:
SF:src\Componenets\utils\store.js
FNF:0
FNH:0
DA:3,3
DA:5,3
LF:2
LH:2
BRF:0
BRH:0
end_of_record
TN:
SF:src\Componenets\utils\useOnline.js
FN:3,useOnline
FN:6,(anonymous_1)
FN:7,(anonymous_2)
FN:10,(anonymous_3)
FN:17,(anonymous_4)
FNF:5
FNH:3
FNDA:5,useOnline
FNDA:4,(anonymous_1)
FNDA:0,(anonymous_2)
FNDA:0,(anonymous_3)
FNDA:4,(anonymous_4)
DA:4,5
DA:6,5
DA:7,4
DA:8,0
DA:10,4
DA:11,0
DA:14,4
DA:15,4
DA:17,4
DA:18,4
DA:19,4
DA:23,5
LF:12
LH:10
BRF:0
BRH:0
end_of_record
TN:
SF:src\Componenets\utils\useRestaurant.js
FN:3,(anonymous_0)
FN:6,(anonymous_1)
FN:10,getAllRestuarant
FNF:3
FNH:0
FNDA:0,(anonymous_0)
FNDA:0,(anonymous_1)
FNDA:0,getAllRestuarant
DA:3,1
DA:4,0
DA:6,0
DA:7,0
DA:11,0
DA:12,0
DA:15,0
DA:16,0
DA:17,0
DA:19,0
DA:23,0
LF:11
LH:1
BRF:0
BRH:0
end_of_record
TN:
SF:src\Componenets\utils\userContext.js
FNF:0
FNH:0
DA:3,1
DA:10,1
LF:2
LH:2
BRF:0
BRH:0
end_of_record
