TN:
SF:src\Componenets\Header.js
FN:7,(anonymous_0)
FN:15,(anonymous_1)
FN:19,(anonymous_2)
FN:34,(anonymous_3)
FN:34,(anonymous_4)
FNF:5
FNH:3
FNDA:3,(anonymous_0)
FNDA:3,(anonymous_1)
FNDA:6,(anonymous_2)
FNDA:0,(anonymous_3)
FNDA:0,(anonymous_4)
DA:7,1
DA:8,3
DA:15,1
DA:16,3
DA:18,3
DA:19,6
DA:22,3
DA:34,0
LF:8
LH:7
BRDA:32,0,0,3
BRDA:32,0,1,0
BRDA:34,1,0,3
BRDA:34,1,1,0
BRF:4
BRH:2
end_of_record
TN:
SF:src\Componenets\Sum.js
FN:3,(anonymous_0)
FNF:1
FNH:1
FNDA:1,(anonymous_0)
DA:3,1
LF:1
LH:1
BRF:0
BRH:0
end_of_record
TN:
SF:src\Componenets\utils\cartSlice.js
FN:9,(anonymous_0)
FN:12,(anonymous_1)
FN:15,(anonymous_2)
FNF:3
FNH:0
FNDA:0,(anonymous_0)
FNDA:0,(anonymous_1)
FNDA:0,(anonymous_2)
DA:3,1
DA:10,0
DA:13,0
DA:16,0
DA:21,1
LF:5
LH:2
BRF:0
BRH:0
end_of_record
TN:
SF:src\Componenets\utils\store.js
FNF:0
FNH:0
DA:3,1
DA:5,1
LF:2
LH:2
BRF:0
BRH:0
end_of_record
TN:
SF:src\Componenets\utils\useOnline.js
FN:3,useOnline
FN:6,(anonymous_1)
FN:7,(anonymous_2)
FN:10,(anonymous_3)
FN:17,(anonymous_4)
FNF:5
FNH:3
FNDA:3,useOnline
FNDA:3,(anonymous_1)
FNDA:0,(anonymous_2)
FNDA:0,(anonymous_3)
FNDA:3,(anonymous_4)
DA:4,3
DA:6,3
DA:7,3
DA:8,0
DA:10,3
DA:11,0
DA:14,3
DA:15,3
DA:17,3
DA:18,3
DA:19,3
DA:23,3
LF:12
LH:10
BRF:0
BRH:0
end_of_record
